<?xml version="1.0" encoding="UTF-8"?>
<coverage generated="1600964665485" clover="3.2.0">
  <project timestamp="1600964665485" name="All files">
    <metrics statements="25" coveredstatements="21" conditionals="8" coveredconditionals="4" methods="4" coveredmethods="3" elements="37" coveredelements="28" complexity="0" loc="25" ncloc="25" packages="4" files="8" classes="8"/>
    <package name="components.input-text">
      <metrics statements="8" coveredstatements="6" conditionals="0" coveredconditionals="0" methods="2" coveredmethods="1"/>
      <file name="inputText.js" path="/Users/urjapatel/Desktop/rn-assignment001/components/input-text/inputText.js">
        <metrics statements="7" coveredstatements="5" conditionals="0" coveredconditionals="0" methods="2" coveredmethods="1"/>
        <line num="8" count="1" type="stmt"/>
        <line num="9" count="1" type="stmt"/>
        <line num="11" count="1" type="stmt"/>
        <line num="12" count="0" type="stmt"/>
        <line num="13" count="0" type="stmt"/>
        <line num="16" count="1" type="stmt"/>
        <line num="32" count="1" type="stmt"/>
      </file>
      <file name="styles.js" path="/Users/urjapatel/Desktop/rn-assignment001/components/input-text/styles.js">
        <metrics statements="1" coveredstatements="1" conditionals="0" coveredconditionals="0" methods="0" coveredmethods="0"/>
        <line num="4" count="1" type="stmt"/>
      </file>
    </package>
    <package name="components.submit-button">
      <metrics statements="4" coveredstatements="4" conditionals="0" coveredconditionals="0" methods="1" coveredmethods="1"/>
      <file name="styles.js" path="/Users/urjapatel/Desktop/rn-assignment001/components/submit-button/styles.js">
        <metrics statements="1" coveredstatements="1" conditionals="0" coveredconditionals="0" methods="0" coveredmethods="0"/>
        <line num="4" count="1" type="stmt"/>
      </file>
      <file name="submitButton.js" path="/Users/urjapatel/Desktop/rn-assignment001/components/submit-button/submitButton.js">
        <metrics statements="3" coveredstatements="3" conditionals="0" coveredconditionals="0" methods="1" coveredmethods="1"/>
        <line num="7" count="1" type="stmt"/>
        <line num="8" count="1" type="stmt"/>
        <line num="17" count="1" type="stmt"/>
      </file>
    </package>
    <package name="components.variation-button">
      <metrics statements="9" coveredstatements="7" conditionals="8" coveredconditionals="4" methods="1" coveredmethods="1"/>
      <file name="styles.js" path="/Users/urjapatel/Desktop/rn-assignment001/components/variation-button/styles.js">
        <metrics statements="1" coveredstatements="1" conditionals="0" coveredconditionals="0" methods="0" coveredmethods="0"/>
        <line num="3" count="1" type="stmt"/>
      </file>
      <file name="variationButton.js" path="/Users/urjapatel/Desktop/rn-assignment001/components/variation-button/variationButton.js">
        <metrics statements="8" coveredstatements="6" conditionals="8" coveredconditionals="4" methods="1" coveredmethods="1"/>
        <line num="9" count="1" type="stmt"/>
        <line num="10" count="1" type="stmt"/>
        <line num="12" count="1" type="cond" truecount="2" falsecount="2"/>
        <line num="13" count="0" type="stmt"/>
        <line num="16" count="1" type="cond" truecount="2" falsecount="2"/>
        <line num="17" count="0" type="stmt"/>
        <line num="20" count="1" type="stmt"/>
        <line num="32" count="1" type="stmt"/>
      </file>
    </package>
    <package name="constants">
      <metrics statements="4" coveredstatements="4" conditionals="0" coveredconditionals="0" methods="0" coveredmethods="0"/>
      <file name="colors.js" path="/Users/urjapatel/Desktop/rn-assignment001/constants/colors.js">
        <metrics statements="0" coveredstatements="0" conditionals="0" coveredconditionals="0" methods="0" coveredmethods="0"/>
      </file>
      <file name="constant.js" path="/Users/urjapatel/Desktop/rn-assignment001/constants/constant.js">
        <metrics statements="4" coveredstatements="4" conditionals="0" coveredconditionals="0" methods="0" coveredmethods="0"/>
        <line num="9" count="1" type="stmt"/>
        <line num="14" count="1" type="stmt"/>
        <line num="19" count="1" type="stmt"/>
        <line num="24" count="1" type="stmt"/>
      </file>
    </package>
  </project>
</coverage>
