{"/Users/urjapatel/Desktop/rn-assignment001/source/components/input-text/inputText.tsx": {"path":"/Users/urjapatel/Desktop/rn-assignment001/source/components/input-text/inputText.tsx","statementMap":{"0":{"start":{"line":14,"column":35},"end":{"line":34,"column":1}},"1":{"start":{"line":15,"column":42},"end":{"line":15,"column":62}},"2":{"start":{"line":17,"column":23},"end":{"line":20,"column":3}},"3":{"start":{"line":18,"column":4},"end":{"line":18,"column":33}},"4":{"start":{"line":19,"column":4},"end":{"line":19,"column":36}},"5":{"start":{"line":22,"column":2},"end":{"line":33,"column":4}}},"fnMap":{"0":{"name":"(anonymous_0)","decl":{"start":{"line":14,"column":35},"end":{"line":14,"column":36}},"loc":{"start":{"line":14,"column":46},"end":{"line":34,"column":1}},"line":14},"1":{"name":"(anonymous_1)","decl":{"start":{"line":17,"column":23},"end":{"line":17,"column":24}},"loc":{"start":{"line":17,"column":48},"end":{"line":20,"column":3}},"line":17}},"branchMap":{},"s":{"0":2,"1":6,"2":6,"3":2,"4":2,"5":6},"f":{"0":6,"1":2},"b":{},"_coverageSchema":"1a1c01bbd47fc00a2c39e90264f33305004495a9","hash":"ed3023ba3f3a495727d993bf4e6679d6ca2528eb"}
,"/Users/urjapatel/Desktop/rn-assignment001/source/components/input-text/styles.ts": {"path":"/Users/urjapatel/Desktop/rn-assignment001/source/components/input-text/styles.ts","statementMap":{"0":{"start":{"line":4,"column":15},"end":{"line":14,"column":2}}},"fnMap":{},"branchMap":{},"s":{"0":2},"f":{},"b":{},"_coverageSchema":"1a1c01bbd47fc00a2c39e90264f33305004495a9","hash":"3955dd141adc862f5eb5b0355be8abff3d5bff1f"}
,"/Users/urjapatel/Desktop/rn-assignment001/source/components/submit-button/styles.ts": {"path":"/Users/urjapatel/Desktop/rn-assignment001/source/components/submit-button/styles.ts","statementMap":{"0":{"start":{"line":4,"column":15},"end":{"line":21,"column":2}}},"fnMap":{},"branchMap":{},"s":{"0":3},"f":{},"b":{},"_coverageSchema":"1a1c01bbd47fc00a2c39e90264f33305004495a9","hash":"4fa0f7a06f1ad16b9053d12d2151a5e2e19d1a18"}
,"/Users/urjapatel/Desktop/rn-assignment001/source/components/submit-button/submitButton.tsx": {"path":"/Users/urjapatel/Desktop/rn-assignment001/source/components/submit-button/submitButton.tsx","statementMap":{"0":{"start":{"line":12,"column":38},"end":{"line":23,"column":1}},"1":{"start":{"line":13,"column":2},"end":{"line":22,"column":4}}},"fnMap":{"0":{"name":"(anonymous_0)","decl":{"start":{"line":12,"column":38},"end":{"line":12,"column":39}},"loc":{"start":{"line":12,"column":49},"end":{"line":23,"column":1}},"line":12}},"branchMap":{},"s":{"0":3,"1":8},"f":{"0":8},"b":{},"_coverageSchema":"1a1c01bbd47fc00a2c39e90264f33305004495a9","hash":"121e4eedc2fdf24215ef670905cc29e58c82d77d"}
,"/Users/urjapatel/Desktop/rn-assignment001/source/components/variation-button/styles.ts": {"path":"/Users/urjapatel/Desktop/rn-assignment001/source/components/variation-button/styles.ts","statementMap":{"0":{"start":{"line":3,"column":15},"end":{"line":13,"column":2}}},"fnMap":{},"branchMap":{},"s":{"0":1},"f":{},"b":{},"_coverageSchema":"1a1c01bbd47fc00a2c39e90264f33305004495a9","hash":"ec3c59f688a56850a33478fd08f703517d1c6aee"}
,"/Users/urjapatel/Desktop/rn-assignment001/source/components/variation-button/variationButton.tsx": {"path":"/Users/urjapatel/Desktop/rn-assignment001/source/components/variation-button/variationButton.tsx","statementMap":{"0":{"start":{"line":22,"column":41},"end":{"line":44,"column":1}},"1":{"start":{"line":23,"column":29},"end":{"line":23,"column":45}},"2":{"start":{"line":25,"column":2},"end":{"line":27,"column":3}},"3":{"start":{"line":26,"column":4},"end":{"line":26,"column":29}},"4":{"start":{"line":29,"column":2},"end":{"line":31,"column":3}},"5":{"start":{"line":30,"column":4},"end":{"line":30,"column":46}},"6":{"start":{"line":33,"column":2},"end":{"line":43,"column":4}}},"fnMap":{"0":{"name":"(anonymous_0)","decl":{"start":{"line":22,"column":41},"end":{"line":22,"column":42}},"loc":{"start":{"line":22,"column":52},"end":{"line":44,"column":1}},"line":22}},"branchMap":{"0":{"loc":{"start":{"line":25,"column":2},"end":{"line":27,"column":3}},"type":"if","locations":[{"start":{"line":25,"column":2},"end":{"line":27,"column":3}},{"start":{"line":25,"column":2},"end":{"line":27,"column":3}}],"line":25},"1":{"loc":{"start":{"line":25,"column":6},"end":{"line":25,"column":37}},"type":"binary-expr","locations":[{"start":{"line":25,"column":6},"end":{"line":25,"column":27}},{"start":{"line":25,"column":31},"end":{"line":25,"column":37}}],"line":25},"2":{"loc":{"start":{"line":29,"column":2},"end":{"line":31,"column":3}},"type":"if","locations":[{"start":{"line":29,"column":2},"end":{"line":31,"column":3}},{"start":{"line":29,"column":2},"end":{"line":31,"column":3}}],"line":29},"3":{"loc":{"start":{"line":29,"column":6},"end":{"line":29,"column":41}},"type":"binary-expr","locations":[{"start":{"line":29,"column":6},"end":{"line":29,"column":27}},{"start":{"line":29,"column":31},"end":{"line":29,"column":41}}],"line":29}},"s":{"0":1,"1":3,"2":3,"3":3,"4":3,"5":0,"6":3},"f":{"0":3},"b":{"0":[3,0],"1":[3,3],"2":[0,3],"3":[3,3]},"_coverageSchema":"1a1c01bbd47fc00a2c39e90264f33305004495a9","hash":"deec21a254a8e1168acea70e028dd1d6fe9887bb"}
,"/Users/urjapatel/Desktop/rn-assignment001/source/constants/colors.ts": {"path":"/Users/urjapatel/Desktop/rn-assignment001/source/constants/colors.ts","statementMap":{},"fnMap":{},"branchMap":{},"s":{},"f":{},"b":{},"_coverageSchema":"1a1c01bbd47fc00a2c39e90264f33305004495a9","hash":"9e4dd79fe430e0e2bf3b125536a526c16d09ca62"}
,"/Users/urjapatel/Desktop/rn-assignment001/source/constants/constant.ts": {"path":"/Users/urjapatel/Desktop/rn-assignment001/source/constants/constant.ts","statementMap":{"0":{"start":{"line":3,"column":26},"end":{"line":3,"column":51}},"1":{"start":{"line":5,"column":22},"end":{"line":5,"column":43}}},"fnMap":{},"branchMap":{},"s":{"0":3,"1":3},"f":{},"b":{},"_coverageSchema":"1a1c01bbd47fc00a2c39e90264f33305004495a9","hash":"c15183865f0e1dec72e4634453150ac716e1c9f4"}
,"/Users/urjapatel/Desktop/rn-assignment001/source/screens/home-screen/homeScreen.tsx": {"path":"/Users/urjapatel/Desktop/rn-assignment001/source/screens/home-screen/homeScreen.tsx","statementMap":{"0":{"start":{"line":18,"column":36},"end":{"line":82,"column":1}},"1":{"start":{"line":19,"column":23},"end":{"line":19,"column":28}},"2":{"start":{"line":21,"column":34},"end":{"line":21,"column":54}},"3":{"start":{"line":23,"column":22},"end":{"line":25,"column":8}},"4":{"start":{"line":24,"column":4},"end":{"line":24,"column":32}},"5":{"start":{"line":27,"column":2},"end":{"line":29,"column":20}},"6":{"start":{"line":28,"column":4},"end":{"line":28,"column":18}},"7":{"start":{"line":31,"column":19},"end":{"line":31,"column":32}},"8":{"start":{"line":33,"column":30},"end":{"line":36,"column":3}},"9":{"start":{"line":34,"column":4},"end":{"line":34,"column":29}},"10":{"start":{"line":35,"column":4},"end":{"line":35,"column":22}},"11":{"start":{"line":38,"column":28},"end":{"line":52,"column":3}},"12":{"start":{"line":39,"column":4},"end":{"line":39,"column":26}},"13":{"start":{"line":40,"column":4},"end":{"line":51,"column":5}},"14":{"start":{"line":41,"column":6},"end":{"line":47,"column":7}},"15":{"start":{"line":42,"column":8},"end":{"line":42,"column":37}},"16":{"start":{"line":43,"column":8},"end":{"line":43,"column":39}},"17":{"start":{"line":45,"column":8},"end":{"line":45,"column":31}},"18":{"start":{"line":46,"column":8},"end":{"line":46,"column":50}},"19":{"start":{"line":49,"column":6},"end":{"line":49,"column":29}},"20":{"start":{"line":50,"column":6},"end":{"line":50,"column":45}},"21":{"start":{"line":54,"column":22},"end":{"line":61,"column":3}},"22":{"start":{"line":55,"column":20},"end":{"line":55,"column":28}},"23":{"start":{"line":56,"column":4},"end":{"line":60,"column":5}},"24":{"start":{"line":57,"column":6},"end":{"line":57,"column":18}},"25":{"start":{"line":59,"column":6},"end":{"line":59,"column":19}},"26":{"start":{"line":63,"column":2},"end":{"line":81,"column":4}}},"fnMap":{"0":{"name":"(anonymous_0)","decl":{"start":{"line":18,"column":36},"end":{"line":18,"column":37}},"loc":{"start":{"line":18,"column":47},"end":{"line":82,"column":1}},"line":18},"1":{"name":"(anonymous_1)","decl":{"start":{"line":23,"column":34},"end":{"line":23,"column":35}},"loc":{"start":{"line":23,"column":40},"end":{"line":25,"column":3}},"line":23},"2":{"name":"(anonymous_2)","decl":{"start":{"line":27,"column":12},"end":{"line":27,"column":13}},"loc":{"start":{"line":27,"column":18},"end":{"line":29,"column":3}},"line":27},"3":{"name":"(anonymous_3)","decl":{"start":{"line":33,"column":30},"end":{"line":33,"column":31}},"loc":{"start":{"line":33,"column":48},"end":{"line":36,"column":3}},"line":33},"4":{"name":"(anonymous_4)","decl":{"start":{"line":38,"column":28},"end":{"line":38,"column":29}},"loc":{"start":{"line":38,"column":34},"end":{"line":52,"column":3}},"line":38},"5":{"name":"(anonymous_5)","decl":{"start":{"line":54,"column":22},"end":{"line":54,"column":23}},"loc":{"start":{"line":54,"column":28},"end":{"line":61,"column":3}},"line":54}},"branchMap":{"0":{"loc":{"start":{"line":40,"column":4},"end":{"line":51,"column":5}},"type":"if","locations":[{"start":{"line":40,"column":4},"end":{"line":51,"column":5}},{"start":{"line":40,"column":4},"end":{"line":51,"column":5}}],"line":40},"1":{"loc":{"start":{"line":41,"column":6},"end":{"line":47,"column":7}},"type":"if","locations":[{"start":{"line":41,"column":6},"end":{"line":47,"column":7}},{"start":{"line":41,"column":6},"end":{"line":47,"column":7}}],"line":41},"2":{"loc":{"start":{"line":56,"column":4},"end":{"line":60,"column":5}},"type":"if","locations":[{"start":{"line":56,"column":4},"end":{"line":60,"column":5}},{"start":{"line":56,"column":4},"end":{"line":60,"column":5}}],"line":56}},"s":{"0":1,"1":1,"2":1,"3":1,"4":0,"5":1,"6":0,"7":1,"8":1,"9":0,"10":0,"11":1,"12":0,"13":0,"14":0,"15":0,"16":0,"17":0,"18":0,"19":0,"20":0,"21":1,"22":0,"23":0,"24":0,"25":0,"26":1},"f":{"0":1,"1":0,"2":0,"3":0,"4":0,"5":0},"b":{"0":[0,0],"1":[0,0],"2":[0,0]},"_coverageSchema":"1a1c01bbd47fc00a2c39e90264f33305004495a9","hash":"84bf02ba6dc59777c08833857cfbf81e74f4ab16"}
,"/Users/urjapatel/Desktop/rn-assignment001/source/screens/home-screen/styles.ts": {"path":"/Users/urjapatel/Desktop/rn-assignment001/source/screens/home-screen/styles.ts","statementMap":{"0":{"start":{"line":4,"column":15},"end":{"line":31,"column":2}}},"fnMap":{},"branchMap":{},"s":{"0":1},"f":{},"b":{},"_coverageSchema":"1a1c01bbd47fc00a2c39e90264f33305004495a9","hash":"d77f2186364ff701e0faa1bdd7434c0d1674c961"}
,"/Users/urjapatel/Desktop/rn-assignment001/source/screens/options-screen/optionsScreen.tsx": {"path":"/Users/urjapatel/Desktop/rn-assignment001/source/screens/options-screen/optionsScreen.tsx","statementMap":{"0":{"start":{"line":22,"column":39},"end":{"line":57,"column":1}},"1":{"start":{"line":23,"column":23},"end":{"line":23,"column":28}},"2":{"start":{"line":25,"column":25},"end":{"line":25,"column":66}},"3":{"start":{"line":25,"column":47},"end":{"line":25,"column":66}},"4":{"start":{"line":26,"column":19},"end":{"line":26,"column":46}},"5":{"start":{"line":28,"column":35},"end":{"line":30,"column":3}},"6":{"start":{"line":29,"column":4},"end":{"line":29,"column":45}},"7":{"start":{"line":32,"column":31},"end":{"line":34,"column":3}},"8":{"start":{"line":33,"column":4},"end":{"line":33,"column":32}},"9":{"start":{"line":36,"column":2},"end":{"line":56,"column":4}}},"fnMap":{"0":{"name":"(anonymous_0)","decl":{"start":{"line":22,"column":39},"end":{"line":22,"column":40}},"loc":{"start":{"line":22,"column":50},"end":{"line":57,"column":1}},"line":22},"1":{"name":"(anonymous_1)","decl":{"start":{"line":25,"column":25},"end":{"line":25,"column":26}},"loc":{"start":{"line":25,"column":47},"end":{"line":25,"column":66}},"line":25},"2":{"name":"(anonymous_2)","decl":{"start":{"line":28,"column":35},"end":{"line":28,"column":36}},"loc":{"start":{"line":28,"column":41},"end":{"line":30,"column":3}},"line":28},"3":{"name":"(anonymous_3)","decl":{"start":{"line":32,"column":31},"end":{"line":32,"column":32}},"loc":{"start":{"line":32,"column":37},"end":{"line":34,"column":3}},"line":32}},"branchMap":{},"s":{"0":1,"1":2,"2":2,"3":4,"4":2,"5":2,"6":0,"7":2,"8":0,"9":2},"f":{"0":2,"1":4,"2":0,"3":0},"b":{},"_coverageSchema":"1a1c01bbd47fc00a2c39e90264f33305004495a9","hash":"c5a5678227ca4cf63c89c901408c6b703f3ff7a4"}
,"/Users/urjapatel/Desktop/rn-assignment001/source/screens/options-screen/styles.ts": {"path":"/Users/urjapatel/Desktop/rn-assignment001/source/screens/options-screen/styles.ts","statementMap":{"0":{"start":{"line":4,"column":15},"end":{"line":30,"column":2}}},"fnMap":{},"branchMap":{},"s":{"0":1},"f":{},"b":{},"_coverageSchema":"1a1c01bbd47fc00a2c39e90264f33305004495a9","hash":"159465b36ce78d7dbd23d1f8d5700b1cc305f06a"}
,"/Users/urjapatel/Desktop/rn-assignment001/source/store/store.ts": {"path":"/Users/urjapatel/Desktop/rn-assignment001/source/store/store.ts","statementMap":{"0":{"start":{"line":4,"column":20},"end":{"line":6,"column":2}},"1":{"start":{"line":8,"column":14},"end":{"line":8,"column":38}}},"fnMap":{},"branchMap":{},"s":{"0":2,"1":2},"f":{},"b":{},"_coverageSchema":"1a1c01bbd47fc00a2c39e90264f33305004495a9","hash":"375c405380502b565e89e8e818c767b94f1f5053"}
,"/Users/urjapatel/Desktop/rn-assignment001/source/store/actions/NameAction.ts": {"path":"/Users/urjapatel/Desktop/rn-assignment001/source/store/actions/NameAction.ts","statementMap":{"0":{"start":{"line":1,"column":25},"end":{"line":1,"column":36}},"1":{"start":{"line":2,"column":27},"end":{"line":2,"column":40}},"2":{"start":{"line":9,"column":24},"end":{"line":14,"column":1}},"3":{"start":{"line":10,"column":2},"end":{"line":13,"column":4}},"4":{"start":{"line":16,"column":26},"end":{"line":21,"column":1}},"5":{"start":{"line":17,"column":2},"end":{"line":20,"column":4}}},"fnMap":{"0":{"name":"(anonymous_0)","decl":{"start":{"line":9,"column":24},"end":{"line":9,"column":25}},"loc":{"start":{"line":9,"column":50},"end":{"line":14,"column":1}},"line":9},"1":{"name":"(anonymous_1)","decl":{"start":{"line":16,"column":26},"end":{"line":16,"column":27}},"loc":{"start":{"line":16,"column":32},"end":{"line":21,"column":1}},"line":16}},"branchMap":{},"s":{"0":2,"1":2,"2":2,"3":0,"4":2,"5":0},"f":{"0":0,"1":0},"b":{},"_coverageSchema":"1a1c01bbd47fc00a2c39e90264f33305004495a9","hash":"2600cae70e599cea933d144e389ac5a80a9677dd"}
,"/Users/urjapatel/Desktop/rn-assignment001/source/store/reducers/NameReducer.ts": {"path":"/Users/urjapatel/Desktop/rn-assignment001/source/store/reducers/NameReducer.ts","statementMap":{"0":{"start":{"line":7,"column":21},"end":{"line":9,"column":1}},"1":{"start":{"line":11,"column":21},"end":{"line":20,"column":1}},"2":{"start":{"line":12,"column":2},"end":{"line":19,"column":3}},"3":{"start":{"line":14,"column":6},"end":{"line":14,"column":51}},"4":{"start":{"line":16,"column":6},"end":{"line":16,"column":51}},"5":{"start":{"line":18,"column":6},"end":{"line":18,"column":19}}},"fnMap":{"0":{"name":"(anonymous_0)","decl":{"start":{"line":11,"column":21},"end":{"line":11,"column":22}},"loc":{"start":{"line":11,"column":74},"end":{"line":20,"column":1}},"line":11}},"branchMap":{"0":{"loc":{"start":{"line":11,"column":22},"end":{"line":11,"column":53}},"type":"default-arg","locations":[{"start":{"line":11,"column":41},"end":{"line":11,"column":53}}],"line":11},"1":{"loc":{"start":{"line":12,"column":2},"end":{"line":19,"column":3}},"type":"switch","locations":[{"start":{"line":13,"column":4},"end":{"line":14,"column":51}},{"start":{"line":15,"column":4},"end":{"line":16,"column":51}},{"start":{"line":17,"column":4},"end":{"line":18,"column":19}}],"line":12}},"s":{"0":2,"1":2,"2":6,"3":0,"4":0,"5":6},"f":{"0":6},"b":{"0":[6],"1":[0,0,6]},"_coverageSchema":"1a1c01bbd47fc00a2c39e90264f33305004495a9","hash":"01655cffdb62931f6e114e826cc0caa6cc11b3bd"}
,"/Users/urjapatel/Desktop/rn-assignment001/source/utility/methods.ts": {"path":"/Users/urjapatel/Desktop/rn-assignment001/source/utility/methods.ts","statementMap":{"0":{"start":{"line":5,"column":41},"end":{"line":19,"column":1}},"1":{"start":{"line":6,"column":2},"end":{"line":18,"column":3}},"2":{"start":{"line":7,"column":24},"end":{"line":7,"column":52}},"3":{"start":{"line":8,"column":4},"end":{"line":17,"column":7}},"4":{"start":{"line":9,"column":6},"end":{"line":9,"column":51}},"5":{"start":{"line":10,"column":6},"end":{"line":16,"column":7}},"6":{"start":{"line":11,"column":8},"end":{"line":11,"column":68}},"7":{"start":{"line":12,"column":13},"end":{"line":16,"column":7}},"8":{"start":{"line":13,"column":8},"end":{"line":13,"column":75}},"9":{"start":{"line":15,"column":8},"end":{"line":15,"column":48}}},"fnMap":{"0":{"name":"(anonymous_0)","decl":{"start":{"line":5,"column":41},"end":{"line":5,"column":42}},"loc":{"start":{"line":5,"column":47},"end":{"line":19,"column":1}},"line":5},"1":{"name":"(anonymous_1)","decl":{"start":{"line":8,"column":42},"end":{"line":8,"column":43}},"loc":{"start":{"line":8,"column":64},"end":{"line":17,"column":5}},"line":8}},"branchMap":{"0":{"loc":{"start":{"line":6,"column":2},"end":{"line":18,"column":3}},"type":"if","locations":[{"start":{"line":6,"column":2},"end":{"line":18,"column":3}},{"start":{"line":6,"column":2},"end":{"line":18,"column":3}}],"line":6},"1":{"loc":{"start":{"line":10,"column":6},"end":{"line":16,"column":7}},"type":"if","locations":[{"start":{"line":10,"column":6},"end":{"line":16,"column":7}},{"start":{"line":10,"column":6},"end":{"line":16,"column":7}}],"line":10},"2":{"loc":{"start":{"line":12,"column":13},"end":{"line":16,"column":7}},"type":"if","locations":[{"start":{"line":12,"column":13},"end":{"line":16,"column":7}},{"start":{"line":12,"column":13},"end":{"line":16,"column":7}}],"line":12}},"s":{"0":2,"1":0,"2":0,"3":0,"4":0,"5":0,"6":0,"7":0,"8":0,"9":0},"f":{"0":0,"1":0},"b":{"0":[0,0],"1":[0,0],"2":[0,0]},"_coverageSchema":"1a1c01bbd47fc00a2c39e90264f33305004495a9","hash":"c5b925f4b77832ee8533622498f31eb1a40c1425"}
}
