{"/Users/urjapatel/Desktop/rn-assignment001/components/input-text/inputText.tsx": {"path":"/Users/urjapatel/Desktop/rn-assignment001/components/input-text/inputText.tsx","statementMap":{"0":{"start":{"line":14,"column":35},"end":{"line":33,"column":1}},"1":{"start":{"line":15,"column":44},"end":{"line":15,"column":56}},"2":{"start":{"line":17,"column":25},"end":{"line":20,"column":5}},"3":{"start":{"line":18,"column":8},"end":{"line":18,"column":37}},"4":{"start":{"line":19,"column":8},"end":{"line":19,"column":39}},"5":{"start":{"line":22,"column":4},"end":{"line":32,"column":6}}},"fnMap":{"0":{"name":"(anonymous_0)","decl":{"start":{"line":14,"column":35},"end":{"line":14,"column":36}},"loc":{"start":{"line":14,"column":46},"end":{"line":33,"column":1}},"line":14},"1":{"name":"(anonymous_1)","decl":{"start":{"line":17,"column":25},"end":{"line":17,"column":26}},"loc":{"start":{"line":17,"column":50},"end":{"line":20,"column":5}},"line":17}},"branchMap":{},"s":{"0":1,"1":1,"2":1,"3":0,"4":0,"5":1},"f":{"0":1,"1":0},"b":{},"_coverageSchema":"1a1c01bbd47fc00a2c39e90264f33305004495a9","hash":"b9f88ba8385303972ff09d5fcb953bc5753f0e85"}
,"/Users/urjapatel/Desktop/rn-assignment001/components/input-text/styles.tsx": {"path":"/Users/urjapatel/Desktop/rn-assignment001/components/input-text/styles.tsx","statementMap":{"0":{"start":{"line":4,"column":15},"end":{"line":14,"column":2}}},"fnMap":{},"branchMap":{},"s":{"0":1},"f":{},"b":{},"_coverageSchema":"1a1c01bbd47fc00a2c39e90264f33305004495a9","hash":"2b5df90579a12a7aa25dbfffb5f457d146c055e8"}
,"/Users/urjapatel/Desktop/rn-assignment001/components/submit-button/styles.tsx": {"path":"/Users/urjapatel/Desktop/rn-assignment001/components/submit-button/styles.tsx","statementMap":{"0":{"start":{"line":4,"column":15},"end":{"line":18,"column":2}}},"fnMap":{},"branchMap":{},"s":{"0":1},"f":{},"b":{},"_coverageSchema":"1a1c01bbd47fc00a2c39e90264f33305004495a9","hash":"6822b74176d29c9864929979808f1d683304ade1"}
,"/Users/urjapatel/Desktop/rn-assignment001/components/submit-button/submitButton.tsx": {"path":"/Users/urjapatel/Desktop/rn-assignment001/components/submit-button/submitButton.tsx","statementMap":{"0":{"start":{"line":12,"column":38},"end":{"line":20,"column":1}},"1":{"start":{"line":13,"column":4},"end":{"line":19,"column":6}}},"fnMap":{"0":{"name":"(anonymous_0)","decl":{"start":{"line":12,"column":38},"end":{"line":12,"column":39}},"loc":{"start":{"line":12,"column":49},"end":{"line":20,"column":1}},"line":12}},"branchMap":{},"s":{"0":1,"1":1},"f":{"0":1},"b":{},"_coverageSchema":"1a1c01bbd47fc00a2c39e90264f33305004495a9","hash":"501cc270ef3110a5b0257a247ddd438c3b9f27b5"}
,"/Users/urjapatel/Desktop/rn-assignment001/components/variation-button/styles.tsx": {"path":"/Users/urjapatel/Desktop/rn-assignment001/components/variation-button/styles.tsx","statementMap":{"0":{"start":{"line":3,"column":15},"end":{"line":8,"column":2}}},"fnMap":{},"branchMap":{},"s":{"0":1},"f":{},"b":{},"_coverageSchema":"1a1c01bbd47fc00a2c39e90264f33305004495a9","hash":"c7b759510a75b625388d41c37d9081f7d5e98273"}
,"/Users/urjapatel/Desktop/rn-assignment001/components/variation-button/variationButton.tsx": {"path":"/Users/urjapatel/Desktop/rn-assignment001/components/variation-button/variationButton.tsx","statementMap":{"0":{"start":{"line":18,"column":41},"end":{"line":39,"column":1}},"1":{"start":{"line":19,"column":31},"end":{"line":19,"column":47}},"2":{"start":{"line":21,"column":4},"end":{"line":23,"column":5}},"3":{"start":{"line":22,"column":8},"end":{"line":22,"column":32}},"4":{"start":{"line":25,"column":4},"end":{"line":27,"column":5}},"5":{"start":{"line":26,"column":8},"end":{"line":26,"column":49}},"6":{"start":{"line":29,"column":4},"end":{"line":38,"column":6}}},"fnMap":{"0":{"name":"(anonymous_0)","decl":{"start":{"line":18,"column":41},"end":{"line":18,"column":42}},"loc":{"start":{"line":18,"column":52},"end":{"line":39,"column":1}},"line":18}},"branchMap":{"0":{"loc":{"start":{"line":21,"column":4},"end":{"line":23,"column":5}},"type":"if","locations":[{"start":{"line":21,"column":4},"end":{"line":23,"column":5}},{"start":{"line":21,"column":4},"end":{"line":23,"column":5}}],"line":21},"1":{"loc":{"start":{"line":21,"column":8},"end":{"line":21,"column":39}},"type":"binary-expr","locations":[{"start":{"line":21,"column":8},"end":{"line":21,"column":29}},{"start":{"line":21,"column":33},"end":{"line":21,"column":39}}],"line":21},"2":{"loc":{"start":{"line":25,"column":4},"end":{"line":27,"column":5}},"type":"if","locations":[{"start":{"line":25,"column":4},"end":{"line":27,"column":5}},{"start":{"line":25,"column":4},"end":{"line":27,"column":5}}],"line":25},"3":{"loc":{"start":{"line":25,"column":8},"end":{"line":25,"column":43}},"type":"binary-expr","locations":[{"start":{"line":25,"column":8},"end":{"line":25,"column":29}},{"start":{"line":25,"column":33},"end":{"line":25,"column":43}}],"line":25}},"s":{"0":1,"1":1,"2":1,"3":1,"4":1,"5":0,"6":1},"f":{"0":1},"b":{"0":[1,0],"1":[1,1],"2":[0,1],"3":[1,1]},"_coverageSchema":"1a1c01bbd47fc00a2c39e90264f33305004495a9","hash":"041121323fba3c245b1578d39b6ed70431c31719"}
,"/Users/urjapatel/Desktop/rn-assignment001/constants/colors.tsx": {"path":"/Users/urjapatel/Desktop/rn-assignment001/constants/colors.tsx","statementMap":{},"fnMap":{},"branchMap":{},"s":{},"f":{},"b":{},"_coverageSchema":"1a1c01bbd47fc00a2c39e90264f33305004495a9","hash":"4902a8629498920fc801a15f3717ea585090b8d7"}
,"/Users/urjapatel/Desktop/rn-assignment001/constants/constant.tsx": {"path":"/Users/urjapatel/Desktop/rn-assignment001/constants/constant.tsx","statementMap":{"0":{"start":{"line":9,"column":28},"end":{"line":9,"column":59}},"1":{"start":{"line":14,"column":27},"end":{"line":14,"column":57}},"2":{"start":{"line":19,"column":26},"end":{"line":19,"column":51}},"3":{"start":{"line":24,"column":22},"end":{"line":24,"column":43}}},"fnMap":{},"branchMap":{},"s":{"0":1,"1":1,"2":1,"3":1},"f":{},"b":{},"_coverageSchema":"1a1c01bbd47fc00a2c39e90264f33305004495a9","hash":"5703a8420fba2c2c8fcc3353c0d906a5cfb72a77"}
}
