TN:
SF:source/components/input-text/inputText.tsx
FN:14,(anonymous_0)
FN:17,(anonymous_1)
FNF:2
FNH:2
FNDA:6,(anonymous_0)
FNDA:2,(anonymous_1)
DA:14,2
DA:15,6
DA:17,6
DA:18,2
DA:19,2
DA:22,6
LF:6
LH:6
BRF:0
BRH:0
end_of_record
TN:
SF:source/components/input-text/styles.ts
FNF:0
FNH:0
DA:4,2
LF:1
LH:1
BRF:0
BRH:0
end_of_record
TN:
SF:source/components/submit-button/styles.ts
FNF:0
FNH:0
DA:4,3
LF:1
LH:1
BRF:0
BRH:0
end_of_record
TN:
SF:source/components/submit-button/submitButton.tsx
FN:12,(anonymous_0)
FNF:1
FNH:1
FNDA:8,(anonymous_0)
DA:12,3
DA:13,8
LF:2
LH:2
BRF:0
BRH:0
end_of_record
TN:
SF:source/components/variation-button/styles.ts
FNF:0
FNH:0
DA:3,1
LF:1
LH:1
BRF:0
BRH:0
end_of_record
TN:
SF:source/components/variation-button/variationButton.tsx
FN:22,(anonymous_0)
FNF:1
FNH:1
FNDA:2,(anonymous_0)
DA:22,1
DA:23,2
DA:25,2
DA:26,2
DA:29,2
DA:30,0
DA:33,2
LF:7
LH:6
BRDA:25,0,0,2
BRDA:25,0,1,0
BRDA:25,1,0,2
BRDA:25,1,1,2
BRDA:29,2,0,0
BRDA:29,2,1,2
BRDA:29,3,0,2
BRDA:29,3,1,2
BRF:8
BRH:6
end_of_record
TN:
SF:source/constants/colors.ts
FNF:0
FNH:0
LF:0
LH:0
BRF:0
BRH:0
end_of_record
TN:
SF:source/constants/constant.ts
FNF:0
FNH:0
DA:3,3
DA:5,3
LF:2
LH:2
BRF:0
BRH:0
end_of_record
TN:
SF:source/screens/home-screen/homeScreen.tsx
FN:18,(anonymous_0)
FN:23,(anonymous_1)
FN:27,(anonymous_2)
FN:33,(anonymous_3)
FN:38,(anonymous_4)
FN:54,(anonymous_5)
FNF:6
FNH:1
FNDA:1,(anonymous_0)
FNDA:0,(anonymous_1)
FNDA:0,(anonymous_2)
FNDA:0,(anonymous_3)
FNDA:0,(anonymous_4)
FNDA:0,(anonymous_5)
DA:18,1
DA:19,1
DA:21,1
DA:23,1
DA:24,0
DA:27,1
DA:28,0
DA:31,1
DA:33,1
DA:34,0
DA:35,0
DA:38,1
DA:39,0
DA:40,0
DA:41,0
DA:42,0
DA:43,0
DA:45,0
DA:46,0
DA:49,0
DA:50,0
DA:54,1
DA:55,0
DA:56,0
DA:57,0
DA:59,0
DA:63,1
LF:27
LH:10
BRDA:40,0,0,0
BRDA:40,0,1,0
BRDA:41,1,0,0
BRDA:41,1,1,0
BRDA:56,2,0,0
BRDA:56,2,1,0
BRF:6
BRH:0
end_of_record
TN:
SF:source/screens/home-screen/styles.ts
FNF:0
FNH:0
DA:4,1
LF:1
LH:1
BRF:0
BRH:0
end_of_record
TN:
SF:source/screens/options-screen/optionsScreen.tsx
FN:22,(anonymous_0)
FN:25,(anonymous_1)
FN:28,(anonymous_2)
FN:32,(anonymous_3)
FNF:4
FNH:2
FNDA:2,(anonymous_0)
FNDA:4,(anonymous_1)
FNDA:0,(anonymous_2)
FNDA:0,(anonymous_3)
DA:22,1
DA:23,2
DA:25,4
DA:26,2
DA:28,2
DA:29,0
DA:32,2
DA:33,0
DA:36,2
LF:9
LH:7
BRF:0
BRH:0
end_of_record
TN:
SF:source/screens/options-screen/styles.ts
FNF:0
FNH:0
DA:4,1
LF:1
LH:1
BRF:0
BRH:0
end_of_record
TN:
SF:source/store/store.ts
FNF:0
FNH:0
DA:4,2
DA:8,2
LF:2
LH:2
BRF:0
BRH:0
end_of_record
TN:
SF:source/store/actions/NameAction.ts
FN:9,(anonymous_0)
FN:16,(anonymous_1)
FNF:2
FNH:0
FNDA:0,(anonymous_0)
FNDA:0,(anonymous_1)
DA:1,2
DA:2,2
DA:9,2
DA:10,0
DA:16,2
DA:17,0
LF:6
LH:4
BRF:0
BRH:0
end_of_record
TN:
SF:source/store/reducers/NameReducer.ts
FN:11,(anonymous_0)
FNF:1
FNH:1
FNDA:6,(anonymous_0)
DA:7,2
DA:11,2
DA:12,6
DA:14,0
DA:16,0
DA:18,6
LF:6
LH:4
BRDA:11,0,0,6
BRDA:12,1,0,0
BRDA:12,1,1,0
BRDA:12,1,2,6
BRF:4
BRH:2
end_of_record
TN:
SF:source/utility/methods.ts
FN:5,(anonymous_0)
FN:8,(anonymous_1)
FNF:2
FNH:0
FNDA:0,(anonymous_0)
FNDA:0,(anonymous_1)
DA:5,2
DA:6,0
DA:7,0
DA:8,0
DA:9,0
DA:10,0
DA:11,0
DA:12,0
DA:13,0
DA:15,0
LF:10
LH:1
BRDA:6,0,0,0
BRDA:6,0,1,0
BRDA:10,1,0,0
BRDA:10,1,1,0
BRDA:12,2,0,0
BRDA:12,2,1,0
BRF:6
BRH:0
end_of_record
