TN:
SF:source/components/input-text/inputText.tsx
FN:14,(anonymous_0)
FN:17,(anonymous_1)
FNF:2
FNH:1
FNDA:1,(anonymous_0)
FNDA:0,(anonymous_1)
DA:14,1
DA:15,1
DA:17,1
DA:18,0
DA:19,0
DA:22,1
LF:6
LH:4
BRF:0
BRH:0
end_of_record
TN:
SF:source/components/input-text/styles.tsx
FNF:0
FNH:0
DA:4,1
LF:1
LH:1
BRF:0
BRH:0
end_of_record
TN:
SF:source/components/submit-button/styles.tsx
FNF:0
FNH:0
DA:4,1
LF:1
LH:1
BRF:0
BRH:0
end_of_record
TN:
SF:source/components/submit-button/submitButton.tsx
FN:12,(anonymous_0)
FNF:1
FNH:1
FNDA:1,(anonymous_0)
DA:12,1
DA:13,1
LF:2
LH:2
BRF:0
BRH:0
end_of_record
TN:
SF:source/components/variation-button/styles.tsx
FNF:0
FNH:0
DA:3,1
LF:1
LH:1
BRF:0
BRH:0
end_of_record
TN:
SF:source/components/variation-button/variationButton.tsx
FN:22,(anonymous_0)
FNF:1
FNH:1
FNDA:1,(anonymous_0)
DA:22,1
DA:23,1
DA:25,1
DA:26,1
DA:29,1
DA:30,0
DA:33,1
LF:7
LH:6
BRDA:25,0,0,1
BRDA:25,0,1,0
BRDA:25,1,0,1
BRDA:25,1,1,1
BRDA:29,2,0,0
BRDA:29,2,1,1
BRDA:29,3,0,1
BRDA:29,3,1,1
BRF:8
BRH:6
end_of_record
TN:
SF:source/constants/colors.tsx
FNF:0
FNH:0
LF:0
LH:0
BRF:0
BRH:0
end_of_record
TN:
SF:source/constants/constant.tsx
FNF:0
FNH:0
DA:9,1
DA:14,1
DA:19,1
DA:24,1
LF:4
LH:4
BRF:0
BRH:0
end_of_record
